<?xml version="1.0" encoding="UTF-8"?>
<testng-results skipped="0" failed="0" ignored="0" total="1" passed="1">
  <reporter-output>
  </reporter-output>
  <suite name="Default suite" duration-ms="1492" started-at="2023-03-25T21:05:38Z" finished-at="2023-03-25T21:05:40Z">
    <groups>
    </groups>
    <test name="Default test" duration-ms="1492" started-at="2023-03-25T21:05:38Z" finished-at="2023-03-25T21:05:40Z">
      <class name="testcases.CreateOneProduct">
        <test-method status="PASS" signature="readoneproduct()[pri:0, instance:testcases.CreateOneProduct@6ac13091]" name="readoneproduct" duration-ms="1472" started-at="2023-03-25T21:05:38Z" finished-at="2023-03-25T21:05:40Z">
          <reporter-output>
          </reporter-output>
        </test-method> <!-- readoneproduct -->
      </class> <!-- testcases.CreateOneProduct -->
    </test> <!-- Default test -->
  </suite> <!-- Default suite -->
</testng-results>
